testfacepass/build/intermediates/manifest_merge_blame_file/debug/manifest-merger-blame-debug-report.txt
1<?xml version="1.0" encoding="utf-8"?>
2<manifest xmlns:android="http://schemas.android.com/apk/res/android"
3    package="mcv.testfacepass"
4    android:versionCode="1"
5    android:versionName="1.0" >
6
7    <uses-sdk
8        android:minSdkVersion="19"
8-->src\main\AndroidManifest.xml
9        android:targetSdkVersion="28" />
9-->src\main\AndroidManifest.xml
10
11    <uses-permission android:name="android.permission.CAMERA" />
11-->src\main\AndroidManifest.xml:6:5-65
11-->src\main\AndroidManifest.xml:6:22-62
12    <uses-permission android:name="android.permission.INTERNET" />
12-->src\main\AndroidManifest.xml:7:5-67
12-->src\main\AndroidManifest.xml:7:22-64
13    <uses-permission android:name="android.permission.ACCESS_NETWORK_STATE" />
13-->src\main\AndroidManifest.xml:8:5-79
13-->src\main\AndroidManifest.xml:8:22-76
14    <uses-permission android:name="android.permission.READ_EXTERNAL_STORAGE" />
14-->src\main\AndroidManifest.xml:9:5-79
14-->src\main\AndroidManifest.xml:9:22-77
15    <uses-permission android:name="android.permission.WRITE_EXTERNAL_STORAGE" />
15-->src\main\AndroidManifest.xml:10:5-81
15-->src\main\AndroidManifest.xml:10:22-78
16    <uses-permission android:name="android.permission.MOUNT_UNMOUNT_FILESYSTEMS" />
16-->src\main\AndroidManifest.xml:11:5-12:47
16-->src\main\AndroidManifest.xml:11:22-81
17    <uses-permission android:name="android.requestLegacyExternalStorage=true" />
17-->src\main\AndroidManifest.xml:13:5-81
17-->src\main\AndroidManifest.xml:13:22-78
18    <uses-permission android:name="android.permission.MANAGE_EXTERNAL_STORAGE" />
18-->src\main\AndroidManifest.xml:14:5-82
18-->src\main\AndroidManifest.xml:14:22-79
19    <uses-permission android:name="android.permission.READ_LOGS" />
19-->src\main\AndroidManifest.xml:15:5-16:47
19-->src\main\AndroidManifest.xml:15:22-65
20    <uses-permission android:name="android.permission.ACCESS_WIFI_STATE" />
20-->[:appTools] AndroidManifest.xml:12:5-76
20-->[:appTools] AndroidManifest.xml:12:22-73
21    <uses-permission android:name="android.permission.KILL_BACKGROUND_PROCESSES" />
21-->[:appTools] AndroidManifest.xml:14:5-84
21-->[:appTools] AndroidManifest.xml:14:22-81
22    <uses-permission android:name="android.permission.READ_PHONE_STATE" />
22-->[:appTools] AndroidManifest.xml:15:5-75
22-->[:appTools] AndroidManifest.xml:15:22-72
23    <uses-permission android:name="android.permission.ACCESS_COARSE_LOCATION" />
23-->[:appTools] AndroidManifest.xml:17:5-81
23-->[:appTools] AndroidManifest.xml:17:22-78
24    <uses-permission android:name="android.permission.ACCESS_COARSE_UPDATES" />
24-->[:appTools] AndroidManifest.xml:18:5-80
24-->[:appTools] AndroidManifest.xml:18:22-77
25    <uses-permission android:name="android.permission.WRITE_SETTINGS" />
25-->[:appTools] AndroidManifest.xml:19:5-73
25-->[:appTools] AndroidManifest.xml:19:22-70
26    <uses-permission android:name="android.permission.SYSTEM_ALERT_WINDOW" />
26-->[:appTools] AndroidManifest.xml:20:5-78
26-->[:appTools] AndroidManifest.xml:20:22-75
27    <uses-permission android:name="android.permission.RECORD_AUDIO" />
27-->[:appTools] AndroidManifest.xml:23:5-71
27-->[:appTools] AndroidManifest.xml:23:22-68
28    <uses-permission android:name="android.permission.CHANGE_WIFI_STATE" />
28-->[:appTools] AndroidManifest.xml:24:5-76
28-->[:appTools] AndroidManifest.xml:24:22-73
29    <uses-permission android:name="android.permission.WRITE_SECURE_SETTINGS" />
29-->[:appTools] AndroidManifest.xml:25:5-80
29-->[:appTools] AndroidManifest.xml:25:22-77
30    <uses-permission android:name="android.permission.ACCESS_FINE_LOCATION" />
30-->[:appTools] AndroidManifest.xml:26:5-79
30-->[:appTools] AndroidManifest.xml:26:22-76
31    <uses-permission android:name="android.permission.RECEIVE_BOOT_COMPLETED" />
31-->[:appTools] AndroidManifest.xml:27:5-81
31-->[:appTools] AndroidManifest.xml:27:22-78
32
33    <application
33-->src\main\AndroidManifest.xml:18:5-45:19
34        android:name="mcv.testfacepass.Application"
34-->src\main\AndroidManifest.xml:24:9-36
35        android:allowBackup="true"
35-->src\main\AndroidManifest.xml:19:9-35
36        android:debuggable="true"
37        android:icon="@mipmap/ic_launcher"
37-->src\main\AndroidManifest.xml:20:9-43
38        android:label="@string/app_name"
38-->src\main\AndroidManifest.xml:21:9-41
39        android:roundIcon="@mipmap/ic_launcher_round"
39-->src\main\AndroidManifest.xml:22:9-54
40        android:supportsRtl="true"
40-->src\main\AndroidManifest.xml:23:9-35
41        android:testOnly="true"
42        android:theme="@style/AppTheme" >
42-->src\main\AndroidManifest.xml:25:9-40
43        <activity
43-->src\main\AndroidManifest.xml:26:9-32:20
44            android:name="mcv.testfacepass.MainActivity"
44-->src\main\AndroidManifest.xml:26:19-47
45            android:label="@string/app_name" >
45-->src\main\AndroidManifest.xml:27:13-45
46            <intent-filter>
46-->src\main\AndroidManifest.xml:28:13-31:29
47                <action android:name="android.intent.action.MAIN" />
47-->src\main\AndroidManifest.xml:29:17-69
47-->src\main\AndroidManifest.xml:29:25-66
48
49                <category android:name="android.intent.category.LAUNCHER" />
49-->src\main\AndroidManifest.xml:30:17-77
49-->src\main\AndroidManifest.xml:30:27-74
50            </intent-filter>
51        </activity>
52        <activity android:name="mcv.testfacepass.FacePassActivity" >
52-->src\main\AndroidManifest.xml:33:9-34:20
52-->src\main\AndroidManifest.xml:33:19-51
53        </activity>
54        <activity android:name="mcv.testfacepass.SettingActivity" />
54-->src\main\AndroidManifest.xml:36:9-37:15
54-->src\main\AndroidManifest.xml:36:19-50
55        <activity android:name="mcv.testfacepass.FaceManageActivity" />
55-->src\main\AndroidManifest.xml:38:9-39:15
55-->src\main\AndroidManifest.xml:38:19-53
56        <activity
56-->src\main\AndroidManifest.xml:41:9-44:20
57            android:name="mcv.testfacepass.SplashActivity"
57-->src\main\AndroidManifest.xml:41:19-49
58            android:theme="@android:style/Theme.NoTitleBar.Fullscreen" >
58-->src\main\AndroidManifest.xml:42:13-71
59        </activity>
60        <activity
60-->[:appTools] AndroidManifest.xml:30:9-32:57
61            android:name="com.google.easyapp.ui.camera.TakePicActivity"
61-->[:appTools] AndroidManifest.xml:31:13-72
62            android:theme="@style/AppThemeFullScreen" />
62-->[:appTools] AndroidManifest.xml:32:13-54
63    </application>
64
65</manifest>